<?xml version="1.0" encoding="UTF-8"?>
<!-- Generated by org.testng.reporters.JUnitReportReporter -->
<testsuite hostname="EPPLKATW0016" failures="0" tests="1" name="com.xe.tests.XeCurrencyConverterTests" time="0.280" errors="0" timestamp="2019-12-06T17:02:08 CET" skipped="0">
  <testcase classname="com.xe.tests.XeCurrencyConverterTests" name="setMoneyToBeConverted" time="0.280"/>
</testsuite> <!-- com.xe.tests.XeCurrencyConverterTests -->
